<?xml version="1.0" encoding="UTF-8"?>
<testsuite name="TestTagsSave" tests="1" skipped="0" failures="0" errors="0" timestamp="2025-06-21T18:25:43" hostname="PC_DI_ALDO" time="0.242">
  <properties/>
  <testcase name="saveTransactionWithTags()" classname="TestTagsSave" time="0.242"/>
  <system-out><![CDATA[2025-06-21 20:25:42,568 [DEBUG] DaoManager created dao for class class it.unicam.cs.mpgc.jbudget125639.entities.Transaction with reflection
2025-06-21 20:25:42,579 [DEBUG] DaoManager created dao for class class it.unicam.cs.mpgc.jbudget125639.entities.TransactionTag with reflection
2025-06-21 20:25:42,582 [DEBUG] DaoManager created dao for class class it.unicam.cs.mpgc.jbudget125639.filters.tags.PriorityTag with reflection
2025-06-21 20:25:42,582 [DEBUG] DaoManager created dao for class class it.unicam.cs.mpgc.jbudget125639.entities.User with reflection
2025-06-21 20:25:42,583 [INFO] TableUtils creating table 'Users'
2025-06-21 20:25:43,073 [DEBUG] BaseJdbcConnectionSource opened connection to jdbc:sqlite:database.db got #616207929
2025-06-21 20:25:43,120 [INFO] TableUtils executed create table statement changed 0 rows: CREATE TABLE IF NOT EXISTS `Users` (`id` INTEGER PRIMARY KEY AUTOINCREMENT , `name` VARCHAR NOT NULL ,  UNIQUE (`name`)) 
2025-06-21 20:25:43,124 [INFO] TableUtils creating table 'Transactions'
2025-06-21 20:25:43,126 [INFO] TableUtils executed create table statement changed 0 rows: CREATE TABLE IF NOT EXISTS `Transactions` (`user_id` INTEGER , `id` INTEGER PRIMARY KEY AUTOINCREMENT , `direction` VARCHAR NOT NULL , `amount` BLOB NOT NULL , `description` VARCHAR NOT NULL , `date` TIMESTAMP NOT NULL ) 
2025-06-21 20:25:43,127 [INFO] TableUtils creating table 'tags'
2025-06-21 20:25:43,129 [INFO] TableUtils executed create table statement changed 0 rows: CREATE TABLE IF NOT EXISTS `tags` (`id` INTEGER PRIMARY KEY AUTOINCREMENT , `name` VARCHAR NOT NULL , `priority` INTEGER NOT NULL ,  UNIQUE (`name`)) 
2025-06-21 20:25:43,129 [INFO] TableUtils creating table 'transaction_tags'
2025-06-21 20:25:43,130 [INFO] TableUtils executed create table statement changed 0 rows: CREATE TABLE IF NOT EXISTS `transaction_tags` (`id` INTEGER PRIMARY KEY AUTOINCREMENT , `transaction_id` INTEGER , `tag_id` INTEGER ) 
2025-06-21 20:25:43,146 [DEBUG] StatementBuilder built statement SELECT * FROM `tags` WHERE `name` = 'Utenze'
2025-06-21 20:25:43,151 [DEBUG] BaseMappedStatement prepared statement 'SELECT * FROM `tags` WHERE `name` = 'Utenze'' with 0 args
2025-06-21 20:25:43,158 [DEBUG] SelectIterator starting iterator @1398241764 for 'SELECT * FROM `tags` WHERE `name` = 'Utenze''
2025-06-21 20:25:43,180 [DEBUG] SelectIterator closed iterator @1398241764 after 1 rows
2025-06-21 20:25:43,180 [DEBUG] StatementExecutor query of 'SELECT * FROM `tags` WHERE `name` = 'Utenze'' with 0 args returned 1 results
2025-06-21 20:25:43,181 [DEBUG] StatementBuilder built statement SELECT * FROM `tags` WHERE `name` = 'Sport'
2025-06-21 20:25:43,181 [DEBUG] BaseMappedStatement prepared statement 'SELECT * FROM `tags` WHERE `name` = 'Sport'' with 0 args
2025-06-21 20:25:43,181 [DEBUG] SelectIterator starting iterator @948250363 for 'SELECT * FROM `tags` WHERE `name` = 'Sport''
2025-06-21 20:25:43,182 [DEBUG] SelectIterator closed iterator @948250363 after 1 rows
2025-06-21 20:25:43,182 [DEBUG] StatementExecutor query of 'SELECT * FROM `tags` WHERE `name` = 'Sport'' with 0 args returned 1 results
2025-06-21 20:25:43,182 [DEBUG] StatementBuilder built statement SELECT * FROM `tags` WHERE `name` = 'Manutenzione Auto'
2025-06-21 20:25:43,182 [DEBUG] BaseMappedStatement prepared statement 'SELECT * FROM `tags` WHERE `name` = 'Manutenzione Auto'' with 0 args
2025-06-21 20:25:43,182 [DEBUG] SelectIterator starting iterator @564272228 for 'SELECT * FROM `tags` WHERE `name` = 'Manutenzione Auto''
2025-06-21 20:25:43,183 [DEBUG] SelectIterator closed iterator @564272228 after 1 rows
2025-06-21 20:25:43,183 [DEBUG] StatementExecutor query of 'SELECT * FROM `tags` WHERE `name` = 'Manutenzione Auto'' with 0 args returned 1 results
2025-06-21 20:25:43,183 [DEBUG] StatementBuilder built statement SELECT * FROM `tags` WHERE `name` = 'Alimentari'
2025-06-21 20:25:43,184 [DEBUG] BaseMappedStatement prepared statement 'SELECT * FROM `tags` WHERE `name` = 'Alimentari'' with 0 args
2025-06-21 20:25:43,184 [DEBUG] SelectIterator starting iterator @125844477 for 'SELECT * FROM `tags` WHERE `name` = 'Alimentari''
2025-06-21 20:25:43,184 [DEBUG] SelectIterator closed iterator @125844477 after 1 rows
2025-06-21 20:25:43,185 [DEBUG] StatementExecutor query of 'SELECT * FROM `tags` WHERE `name` = 'Alimentari'' with 0 args returned 1 results
2025-06-21 20:25:43,185 [DEBUG] StatementBuilder built statement SELECT * FROM `tags` WHERE `name` = 'Abbigliamento'
2025-06-21 20:25:43,186 [DEBUG] BaseMappedStatement prepared statement 'SELECT * FROM `tags` WHERE `name` = 'Abbigliamento'' with 0 args
2025-06-21 20:25:43,186 [DEBUG] SelectIterator starting iterator @1119622337 for 'SELECT * FROM `tags` WHERE `name` = 'Abbigliamento''
2025-06-21 20:25:43,186 [DEBUG] SelectIterator closed iterator @1119622337 after 1 rows
2025-06-21 20:25:43,186 [DEBUG] StatementExecutor query of 'SELECT * FROM `tags` WHERE `name` = 'Abbigliamento'' with 0 args returned 1 results
2025-06-21 20:25:43,187 [DEBUG] StatementBuilder built statement SELECT * FROM `tags` WHERE `name` = 'Intrattenimento'
2025-06-21 20:25:43,188 [DEBUG] BaseMappedStatement prepared statement 'SELECT * FROM `tags` WHERE `name` = 'Intrattenimento'' with 0 args
2025-06-21 20:25:43,188 [DEBUG] SelectIterator starting iterator @1394557075 for 'SELECT * FROM `tags` WHERE `name` = 'Intrattenimento''
2025-06-21 20:25:43,189 [DEBUG] SelectIterator closed iterator @1394557075 after 1 rows
2025-06-21 20:25:43,189 [DEBUG] StatementExecutor query of 'SELECT * FROM `tags` WHERE `name` = 'Intrattenimento'' with 0 args returned 1 results
2025-06-21 20:25:43,189 [DEBUG] StatementBuilder built statement SELECT * FROM `tags` WHERE `name` = 'Salute'
2025-06-21 20:25:43,189 [DEBUG] BaseMappedStatement prepared statement 'SELECT * FROM `tags` WHERE `name` = 'Salute'' with 0 args
2025-06-21 20:25:43,190 [DEBUG] SelectIterator starting iterator @1659840424 for 'SELECT * FROM `tags` WHERE `name` = 'Salute''
2025-06-21 20:25:43,190 [DEBUG] SelectIterator closed iterator @1659840424 after 1 rows
2025-06-21 20:25:43,190 [DEBUG] StatementExecutor query of 'SELECT * FROM `tags` WHERE `name` = 'Salute'' with 0 args returned 1 results
2025-06-21 20:25:43,191 [DEBUG] StatementBuilder built statement SELECT * FROM `tags` WHERE `name` = 'Viaggi'
2025-06-21 20:25:43,192 [DEBUG] BaseMappedStatement prepared statement 'SELECT * FROM `tags` WHERE `name` = 'Viaggi'' with 0 args
2025-06-21 20:25:43,192 [DEBUG] SelectIterator starting iterator @1681303515 for 'SELECT * FROM `tags` WHERE `name` = 'Viaggi''
2025-06-21 20:25:43,193 [DEBUG] SelectIterator closed iterator @1681303515 after 1 rows
2025-06-21 20:25:43,193 [DEBUG] StatementExecutor query of 'SELECT * FROM `tags` WHERE `name` = 'Viaggi'' with 0 args returned 1 results
2025-06-21 20:25:43,193 [DEBUG] StatementBuilder built statement SELECT * FROM `tags` WHERE `name` = 'Educazione'
2025-06-21 20:25:43,194 [DEBUG] BaseMappedStatement prepared statement 'SELECT * FROM `tags` WHERE `name` = 'Educazione'' with 0 args
2025-06-21 20:25:43,195 [DEBUG] SelectIterator starting iterator @1175371136 for 'SELECT * FROM `tags` WHERE `name` = 'Educazione''
2025-06-21 20:25:43,195 [DEBUG] SelectIterator closed iterator @1175371136 after 1 rows
2025-06-21 20:25:43,196 [DEBUG] StatementExecutor query of 'SELECT * FROM `tags` WHERE `name` = 'Educazione'' with 0 args returned 1 results
2025-06-21 20:25:43,257 [DEBUG] StatementBuilder built statement SELECT * FROM `Users`
2025-06-21 20:25:43,259 [DEBUG] BaseMappedStatement prepared statement 'SELECT * FROM `Users`' with 0 args
2025-06-21 20:25:43,260 [DEBUG] SelectIterator starting iterator @236567414 for 'SELECT * FROM `Users`'
2025-06-21 20:25:43,264 [DEBUG] SelectIterator closed iterator @236567414 after 1 rows
2025-06-21 20:25:43,265 [DEBUG] StatementExecutor query of 'SELECT * FROM `Users`' with 0 args returned 1 results
2025-06-21 20:25:43,312 [DEBUG] StatementBuilder built statement SELECT COUNT(*) FROM `Users` WHERE `id` = ?
2025-06-21 20:25:43,323 [DEBUG] StatementExecutor query of 'SELECT COUNT(*) FROM `Users` WHERE `id` = ?' returned 1
2025-06-21 20:25:43,351 [DEBUG] BaseMappedStatement update data with statement 'UPDATE `Users` SET `name` = ? WHERE `id` = ?' and 2 args, changed 1 rows
2025-06-21 20:25:43,354 [DEBUG] StatementBuilder built statement SELECT * FROM `Transactions` WHERE `user_id` = ?
2025-06-21 20:25:43,357 [DEBUG] BaseMappedStatement prepared statement 'SELECT * FROM `Transactions` WHERE `user_id` = ?' with 1 args
2025-06-21 20:25:43,358 [DEBUG] SelectIterator starting iterator @1635378213 for 'SELECT * FROM `Transactions` WHERE `user_id` = ?'
2025-06-21 20:25:43,383 [DEBUG] StatementBuilder built statement SELECT * FROM `transaction_tags` WHERE `transaction_id` = ?
2025-06-21 20:25:43,384 [DEBUG] BaseMappedStatement prepared statement 'SELECT * FROM `transaction_tags` WHERE `transaction_id` = ?' with 1 args
2025-06-21 20:25:43,385 [DEBUG] SelectIterator starting iterator @1671590089 for 'SELECT * FROM `transaction_tags` WHERE `transaction_id` = ?'
2025-06-21 20:25:43,389 [DEBUG] BaseMappedStatement query-for-id using 'SELECT * FROM `tags` WHERE `id` = ?' and 1 args, got 1 result
2025-06-21 20:25:43,391 [DEBUG] BaseMappedStatement query-for-id using 'SELECT * FROM `tags` WHERE `id` = ?' and 1 args, got 1 result
2025-06-21 20:25:43,391 [DEBUG] SelectIterator closed iterator @1671590089 after 2 rows
2025-06-21 20:25:43,391 [DEBUG] StatementExecutor query of 'SELECT * FROM `transaction_tags` WHERE `transaction_id` = ?' with 1 args returned 2 results
2025-06-21 20:25:43,392 [DEBUG] StatementBuilder built statement SELECT COUNT(*) FROM `Transactions` WHERE `id` = ?
2025-06-21 20:25:43,393 [DEBUG] StatementExecutor query of 'SELECT COUNT(*) FROM `Transactions` WHERE `id` = ?' returned 1
2025-06-21 20:25:43,399 [DEBUG] BaseMappedStatement update data with statement 'UPDATE `Transactions` SET `user_id` = ?, `direction` = ?, `amount` = ?, `description` = ?, `date` = ? WHERE `id` = ?' and 6 args, changed 1 rows
2025-06-21 20:25:43,400 [DEBUG] StatementBuilder built statement SELECT * FROM `tags` WHERE `name` = 'Abbigliamento'
2025-06-21 20:25:43,401 [DEBUG] BaseMappedStatement prepared statement 'SELECT * FROM `tags` WHERE `name` = 'Abbigliamento'' with 0 args
2025-06-21 20:25:43,401 [DEBUG] StatementExecutor query-for-first of 'SELECT * FROM `tags` WHERE `name` = 'Abbigliamento'' with 0 args returned at least 1 result
2025-06-21 20:25:43,404 [DEBUG] StatementBuilder built statement SELECT COUNT(*) FROM `transaction_tags` WHERE `id` = ?
2025-06-21 20:25:43,405 [DEBUG] StatementExecutor query of 'SELECT COUNT(*) FROM `transaction_tags` WHERE `id` = ?' returned 1
2025-06-21 20:25:43,405 [DEBUG] BaseMappedStatement update data with statement 'UPDATE `transaction_tags` SET `transaction_id` = ?, `tag_id` = ? WHERE `id` = ?' and 3 args, changed 1 rows
2025-06-21 20:25:43,406 [DEBUG] StatementBuilder built statement SELECT * FROM `tags` WHERE `name` = 'Salute'
2025-06-21 20:25:43,407 [DEBUG] BaseMappedStatement prepared statement 'SELECT * FROM `tags` WHERE `name` = 'Salute'' with 0 args
2025-06-21 20:25:43,407 [DEBUG] StatementExecutor query-for-first of 'SELECT * FROM `tags` WHERE `name` = 'Salute'' with 0 args returned at least 1 result
2025-06-21 20:25:43,407 [DEBUG] StatementExecutor query of 'SELECT COUNT(*) FROM `transaction_tags` WHERE `id` = ?' returned 1
2025-06-21 20:25:43,408 [DEBUG] BaseMappedStatement update data with statement 'UPDATE `transaction_tags` SET `transaction_id` = ?, `tag_id` = ? WHERE `id` = ?' and 3 args, changed 1 rows
2025-06-21 20:25:43,408 [DEBUG] SelectIterator closed iterator @1635378213 after 1 rows
2025-06-21 20:25:43,421 [DEBUG] BaseMappedStatement insert data with statement 'INSERT INTO `Users` (`name` ) VALUES (?)' and 1 args, threw exception: org.sqlite.SQLiteException: [SQLITE_CONSTRAINT_UNIQUE] A UNIQUE constraint failed (UNIQUE constraint failed: Users.name)
]]></system-out>
  <system-err><![CDATA[giu 21, 2025 8:25:43 PM it.unicam.cs.mpgc.jbudget125639.modules.ModulesHandler loadModule
INFORMAZIONI: Loaded module: Database
giu 21, 2025 8:25:43 PM it.unicam.cs.mpgc.jbudget125639.modules.ModulesHandler loadModule
INFORMAZIONI: Loaded module: Global
java.lang.RuntimeException: java.sql.SQLException: Unable to run insert stmt on object User(id=null, name=test, transactions=[Transaction(direction=IN, amount=10.0 €, description=descrizione, date=Sat Jun 21 20:25:43 CEST 2025, transactionTags=[it.unicam.cs.mpgc.jbudget125639.entities.TransactionTag@3b, it.unicam.cs.mpgc.jbudget125639.entities.TransactionTag@3b])]): INSERT INTO `Users` (`name` ) VALUES (?)
	at it.unicam.cs.mpgc.jbudget125639.modules.GlobalModule.lambda$saveState$1(GlobalModule.java:69)
	at java.base/java.util.stream.ForEachOps$ForEachOp$OfRef.accept(ForEachOps.java:184)
	at java.base/java.util.stream.ReferencePipeline$3$1.accept(ReferencePipeline.java:197)
	at java.base/java.util.stream.ReferencePipeline$2$1.accept(ReferencePipeline.java:179)
	at java.base/java.util.HashMap$KeySpliterator.forEachRemaining(HashMap.java:1715)
	at java.base/java.util.stream.AbstractPipeline.copyInto(AbstractPipeline.java:509)
	at java.base/java.util.stream.AbstractPipeline.wrapAndCopyInto(AbstractPipeline.java:499)
	at java.base/java.util.stream.ForEachOps$ForEachOp.evaluateSequential(ForEachOps.java:151)
	at java.base/java.util.stream.ForEachOps$ForEachOp$OfRef.evaluateSequential(ForEachOps.java:174)
	at java.base/java.util.stream.AbstractPipeline.evaluate(AbstractPipeline.java:234)
	at java.base/java.util.stream.ReferencePipeline.forEach(ReferencePipeline.java:596)
	at it.unicam.cs.mpgc.jbudget125639.modules.GlobalModule.saveState(GlobalModule.java:65)
	at TestTagsSave.saveTransactionWithTags(TestTagsSave.java:48)
	at java.base/jdk.internal.reflect.DirectMethodHandleAccessor.invoke(DirectMethodHandleAccessor.java:103)
	at java.base/java.lang.reflect.Method.invoke(Method.java:580)
	at org.junit.platform.commons.util.ReflectionUtils.invokeMethod(ReflectionUtils.java:728)
	at org.junit.jupiter.engine.execution.MethodInvocation.proceed(MethodInvocation.java:60)
	at org.junit.jupiter.engine.execution.InvocationInterceptorChain$ValidatingInvocation.proceed(InvocationInterceptorChain.java:131)
	at org.junit.jupiter.engine.extension.TimeoutExtension.intercept(TimeoutExtension.java:156)
	at org.junit.jupiter.engine.extension.TimeoutExtension.interceptTestableMethod(TimeoutExtension.java:147)
	at org.junit.jupiter.engine.extension.TimeoutExtension.interceptTestMethod(TimeoutExtension.java:86)
	at org.junit.jupiter.engine.execution.InterceptingExecutableInvoker$ReflectiveInterceptorCall.lambda$ofVoidMethod$0(InterceptingExecutableInvoker.java:103)
	at org.junit.jupiter.engine.execution.InterceptingExecutableInvoker.lambda$invoke$0(InterceptingExecutableInvoker.java:93)
	at org.junit.jupiter.engine.execution.InvocationInterceptorChain$InterceptedInvocation.proceed(InvocationInterceptorChain.java:106)
	at org.junit.jupiter.engine.execution.InvocationInterceptorChain.proceed(InvocationInterceptorChain.java:64)
	at org.junit.jupiter.engine.execution.InvocationInterceptorChain.chainAndInvoke(InvocationInterceptorChain.java:45)
	at org.junit.jupiter.engine.execution.InvocationInterceptorChain.invoke(InvocationInterceptorChain.java:37)
	at org.junit.jupiter.engine.execution.InterceptingExecutableInvoker.invoke(InterceptingExecutableInvoker.java:92)
	at org.junit.jupiter.engine.execution.InterceptingExecutableInvoker.invoke(InterceptingExecutableInvoker.java:86)
	at org.junit.jupiter.engine.descriptor.TestMethodTestDescriptor.lambda$invokeTestMethod$7(TestMethodTestDescriptor.java:218)
	at org.junit.platform.engine.support.hierarchical.ThrowableCollector.execute(ThrowableCollector.java:73)
	at org.junit.jupiter.engine.descriptor.TestMethodTestDescriptor.invokeTestMethod(TestMethodTestDescriptor.java:214)
	at org.junit.jupiter.engine.descriptor.TestMethodTestDescriptor.execute(TestMethodTestDescriptor.java:139)
	at org.junit.jupiter.engine.descriptor.TestMethodTestDescriptor.execute(TestMethodTestDescriptor.java:69)
	at org.junit.platform.engine.support.hierarchical.NodeTestTask.lambda$executeRecursively$6(NodeTestTask.java:151)
	at org.junit.platform.engine.support.hierarchical.ThrowableCollector.execute(ThrowableCollector.java:73)
	at org.junit.platform.engine.support.hierarchical.NodeTestTask.lambda$executeRecursively$8(NodeTestTask.java:141)
	at org.junit.platform.engine.support.hierarchical.Node.around(Node.java:137)
	at org.junit.platform.engine.support.hierarchical.NodeTestTask.lambda$executeRecursively$9(NodeTestTask.java:139)
	at org.junit.platform.engine.support.hierarchical.ThrowableCollector.execute(ThrowableCollector.java:73)
	at org.junit.platform.engine.support.hierarchical.NodeTestTask.executeRecursively(NodeTestTask.java:138)
	at org.junit.platform.engine.support.hierarchical.NodeTestTask.execute(NodeTestTask.java:95)
	at java.base/java.util.ArrayList.forEach(ArrayList.java:1596)
	at org.junit.platform.engine.support.hierarchical.SameThreadHierarchicalTestExecutorService.invokeAll(SameThreadHierarchicalTestExecutorService.java:41)
	at org.junit.platform.engine.support.hierarchical.NodeTestTask.lambda$executeRecursively$6(NodeTestTask.java:155)
	at org.junit.platform.engine.support.hierarchical.ThrowableCollector.execute(ThrowableCollector.java:73)
	at org.junit.platform.engine.support.hierarchical.NodeTestTask.lambda$executeRecursively$8(NodeTestTask.java:141)
	at org.junit.platform.engine.support.hierarchical.Node.around(Node.java:137)
	at org.junit.platform.engine.support.hierarchical.NodeTestTask.lambda$executeRecursively$9(NodeTestTask.java:139)
	at org.junit.platform.engine.support.hierarchical.ThrowableCollector.execute(ThrowableCollector.java:73)
	at org.junit.platform.engine.support.hierarchical.NodeTestTask.executeRecursively(NodeTestTask.java:138)
	at org.junit.platform.engine.support.hierarchical.NodeTestTask.execute(NodeTestTask.java:95)
	at java.base/java.util.ArrayList.forEach(ArrayList.java:1596)
	at org.junit.platform.engine.support.hierarchical.SameThreadHierarchicalTestExecutorService.invokeAll(SameThreadHierarchicalTestExecutorService.java:41)
	at org.junit.platform.engine.support.hierarchical.NodeTestTask.lambda$executeRecursively$6(NodeTestTask.java:155)
	at org.junit.platform.engine.support.hierarchical.ThrowableCollector.execute(ThrowableCollector.java:73)
	at org.junit.platform.engine.support.hierarchical.NodeTestTask.lambda$executeRecursively$8(NodeTestTask.java:141)
	at org.junit.platform.engine.support.hierarchical.Node.around(Node.java:137)
	at org.junit.platform.engine.support.hierarchical.NodeTestTask.lambda$executeRecursively$9(NodeTestTask.java:139)
	at org.junit.platform.engine.support.hierarchical.ThrowableCollector.execute(ThrowableCollector.java:73)
	at org.junit.platform.engine.support.hierarchical.NodeTestTask.executeRecursively(NodeTestTask.java:138)
	at org.junit.platform.engine.support.hierarchical.NodeTestTask.execute(NodeTestTask.java:95)
	at org.junit.platform.engine.support.hierarchical.SameThreadHierarchicalTestExecutorService.submit(SameThreadHierarchicalTestExecutorService.java:35)
	at org.junit.platform.engine.support.hierarchical.HierarchicalTestExecutor.execute(HierarchicalTestExecutor.java:57)
	at org.junit.platform.engine.support.hierarchical.HierarchicalTestEngine.execute(HierarchicalTestEngine.java:54)
	at org.junit.platform.launcher.core.EngineExecutionOrchestrator.execute(EngineExecutionOrchestrator.java:107)
	at org.junit.platform.launcher.core.EngineExecutionOrchestrator.execute(EngineExecutionOrchestrator.java:88)
	at org.junit.platform.launcher.core.EngineExecutionOrchestrator.lambda$execute$0(EngineExecutionOrchestrator.java:54)
	at org.junit.platform.launcher.core.EngineExecutionOrchestrator.withInterceptedStreams(EngineExecutionOrchestrator.java:67)
	at org.junit.platform.launcher.core.EngineExecutionOrchestrator.execute(EngineExecutionOrchestrator.java:52)
	at org.junit.platform.launcher.core.DefaultLauncher.execute(DefaultLauncher.java:114)
	at org.junit.platform.launcher.core.DefaultLauncher.execute(DefaultLauncher.java:86)
	at org.junit.platform.launcher.core.DefaultLauncherSession$DelegatingLauncher.execute(DefaultLauncherSession.java:86)
	at org.gradle.api.internal.tasks.testing.junitplatform.JUnitPlatformTestClassProcessor$CollectAllTestClassesExecutor.processAllTestClasses(JUnitPlatformTestClassProcessor.java:124)
	at org.gradle.api.internal.tasks.testing.junitplatform.JUnitPlatformTestClassProcessor$CollectAllTestClassesExecutor.access$000(JUnitPlatformTestClassProcessor.java:99)
	at org.gradle.api.internal.tasks.testing.junitplatform.JUnitPlatformTestClassProcessor.stop(JUnitPlatformTestClassProcessor.java:94)
	at org.gradle.api.internal.tasks.testing.SuiteTestClassProcessor.stop(SuiteTestClassProcessor.java:63)
	at java.base/jdk.internal.reflect.DirectMethodHandleAccessor.invoke(DirectMethodHandleAccessor.java:103)
	at java.base/java.lang.reflect.Method.invoke(Method.java:580)
	at org.gradle.internal.dispatch.ReflectionDispatch.dispatch(ReflectionDispatch.java:36)
	at org.gradle.internal.dispatch.ReflectionDispatch.dispatch(ReflectionDispatch.java:24)
	at org.gradle.internal.dispatch.ContextClassLoaderDispatch.dispatch(ContextClassLoaderDispatch.java:33)
	at org.gradle.internal.dispatch.ProxyDispatchAdapter$DispatchingInvocationHandler.invoke(ProxyDispatchAdapter.java:92)
	at jdk.proxy1/jdk.proxy1.$Proxy4.stop(Unknown Source)
	at org.gradle.api.internal.tasks.testing.worker.TestWorker$3.run(TestWorker.java:200)
	at org.gradle.api.internal.tasks.testing.worker.TestWorker.executeAndMaintainThreadName(TestWorker.java:132)
	at org.gradle.api.internal.tasks.testing.worker.TestWorker.execute(TestWorker.java:103)
	at org.gradle.api.internal.tasks.testing.worker.TestWorker.execute(TestWorker.java:63)
	at org.gradle.process.internal.worker.child.ActionExecutionWorker.execute(ActionExecutionWorker.java:56)
	at org.gradle.process.internal.worker.child.SystemApplicationClassLoaderWorker.call(SystemApplicationClassLoaderWorker.java:121)
	at org.gradle.process.internal.worker.child.SystemApplicationClassLoaderWorker.call(SystemApplicationClassLoaderWorker.java:71)
	at worker.org.gradle.process.internal.worker.GradleWorkerMain.run(GradleWorkerMain.java:69)
	at worker.org.gradle.process.internal.worker.GradleWorkerMain.main(GradleWorkerMain.java:74)
Caused by: java.sql.SQLException: Unable to run insert stmt on object User(id=null, name=test, transactions=[Transaction(direction=IN, amount=10.0 €, description=descrizione, date=Sat Jun 21 20:25:43 CEST 2025, transactionTags=[it.unicam.cs.mpgc.jbudget125639.entities.TransactionTag@3b, it.unicam.cs.mpgc.jbudget125639.entities.TransactionTag@3b])]): INSERT INTO `Users` (`name` ) VALUES (?)
	at com.j256.ormlite.stmt.mapped.MappedCreate.insert(MappedCreate.java:139)
	at com.j256.ormlite.stmt.StatementExecutor.create(StatementExecutor.java:464)
	at com.j256.ormlite.dao.BaseDaoImpl.create(BaseDaoImpl.java:337)
	at com.j256.ormlite.dao.BaseDaoImpl.createOrUpdate(BaseDaoImpl.java:396)
	at it.unicam.cs.mpgc.jbudget125639.modules.GlobalModule.saveUser(GlobalModule.java:75)
	at it.unicam.cs.mpgc.jbudget125639.modules.GlobalModule.lambda$saveState$1(GlobalModule.java:67)
	... 92 more
Caused by: org.sqlite.SQLiteException: [SQLITE_CONSTRAINT_UNIQUE] A UNIQUE constraint failed (UNIQUE constraint failed: Users.name)
	at org.sqlite.core.DB.newSQLException(DB.java:1179)
	at org.sqlite.core.DB.newSQLException(DB.java:1190)
	at org.sqlite.core.DB.execute(DB.java:985)
	at org.sqlite.core.DB.executeUpdate(DB.java:1054)
	at org.sqlite.jdbc3.JDBC3PreparedStatement.lambda$executeLargeUpdate$2(JDBC3PreparedStatement.java:119)
	at org.sqlite.jdbc3.JDBC3Statement.withConnectionTimeout(JDBC3Statement.java:454)
	at org.sqlite.jdbc3.JDBC3PreparedStatement.executeLargeUpdate(JDBC3PreparedStatement.java:118)
	at org.sqlite.jdbc3.JDBC3PreparedStatement.executeUpdate(JDBC3PreparedStatement.java:100)
	at com.j256.ormlite.jdbc.JdbcDatabaseConnection.insert(JdbcDatabaseConnection.java:185)
	at com.j256.ormlite.stmt.mapped.MappedCreate.insert(MappedCreate.java:91)
	... 97 more
]]></system-err>
</testsuite>
